<?xml version="1.0" encoding="UTF-8"?>
<testng-results ignored="0" total="2" passed="2" failed="0" skipped="0">
  <reporter-output>
  </reporter-output>
  <suite started-at="2024-01-16T19:39:08 EST" name="Functional Test" finished-at="2024-01-16T19:39:14 EST" duration-ms="5587">
    <groups>
    </groups>
    <test started-at="2024-01-16T19:39:08 EST" name="Login" finished-at="2024-01-16T19:39:14 EST" duration-ms="5587">
      <class name="testNG_Basic.TestNGPractice">
        <test-method is-config="true" signature="bm()[pri:0, instance:testNG_Basic.TestNGPractice@780cb77]" started-at="2024-01-16T19:39:09 EST" name="bm" finished-at="2024-01-16T19:39:09 EST" duration-ms="25" status="PASS">
          <reporter-output>
          </reporter-output>
        </test-method> <!-- bm -->
        <test-method is-config="true" signature="bm()[pri:0, instance:testNG_Basic.TestNGPractice@780cb77]" started-at="2024-01-16T19:39:09 EST" name="bm" finished-at="2024-01-16T19:39:09 EST" duration-ms="25" status="PASS">
          <reporter-output>
          </reporter-output>
        </test-method> <!-- bm -->
        <test-method signature="test1()[pri:0, instance:testNG_Basic.TestNGPractice@780cb77]" started-at="2024-01-16T19:39:09 EST" name="test1" finished-at="2024-01-16T19:39:14 EST" duration-ms="5432" status="PASS">
          <reporter-output>
          </reporter-output>
        </test-method> <!-- test1 -->
        <test-method signature="test2()[pri:1, instance:testNG_Basic.TestNGPractice@780cb77]" started-at="2024-01-16T19:39:09 EST" name="test2" finished-at="2024-01-16T19:39:12 EST" duration-ms="3619" status="PASS">
          <reporter-output>
          </reporter-output>
        </test-method> <!-- test2 -->
        <test-method is-config="true" signature="am()[pri:0, instance:testNG_Basic.TestNGPractice@780cb77]" started-at="2024-01-16T19:39:12 EST" name="am" finished-at="2024-01-16T19:39:12 EST" duration-ms="1" status="PASS">
          <reporter-output>
          </reporter-output>
        </test-method> <!-- am -->
        <test-method is-config="true" signature="am()[pri:0, instance:testNG_Basic.TestNGPractice@780cb77]" started-at="2024-01-16T19:39:14 EST" name="am" finished-at="2024-01-16T19:39:14 EST" duration-ms="1" status="PASS">
          <reporter-output>
          </reporter-output>
        </test-method> <!-- am -->
      </class> <!-- testNG_Basic.TestNGPractice -->
    </test> <!-- Login -->
  </suite> <!-- Functional Test -->
</testng-results>
